# This file was automatically created by FeynRules 2.3.43
# Mathematica version: 12.2.0 for Linux x86 (64-bit) (December 12, 2020)
# Date: Tue 16 Mar 2021 10:40:14


# 
# This is the logfile for the model LesHouchesModelFreezeIn-leptons

# Authors: Andreas Goudelis
# Model version: 1.0
# Checking the Quantum numbers
   * Electric charge defined.
# Checking the Lagrangians
   * All Lagrangians are ok.
#
# Particle definitions
#

   * No particles removed. All particles correspond to GenInt setup.

# Automatically assigned PDG numbers
   * Assigned PDG number 9000001 to particle ghA
   * Assigned PDG number 9000002 to particle ghZ
   * Assigned PDG number 9000003 to particle ghWp
   * Assigned PDG number 9000004 to particle ghWm


# Compulsory PDG codes:
   * Class SM leptons complete.
   * Class SM neutrinos complete.
   * Class SM quarks complete.
   * Class SM gauge bosons complete.
#
# Parameter definitions
#

   * Parameter                                                                                                                                                                                                                                                                                                                                                                                                                                                                                                                                                                                                                                                                                                                                                                                                                                                                                                                                                                                                                                                                                                                                                                                                                                                                                                                                                                                                                                                                                                                                                                                                                                                                                                                                                                                                                                                                                                                                                                                                                                                                                                                                                                                                                                                                                                                                                                                                                                                                                                                                                                                                                                                                                                                                                                                                                                                                                                                                                                                                                                                                                                                                                         2          4         2                                                                                                                                                       2                                                                                                                                                                                                                                                                                                                                                                                                                                                                                                                                                                                                                                  2
                                                                                                                                                                                                                                                                                                                                                                                                                                                                                                                                                                                                                                                                                                                                                                                                                                                                                                                                                                                                                                                                                                                                                                                                                                                                                                                                                                                                                                                                                                                                                                                                                                                                                                                                                                                                                                                                                                                                                                                                                                                                                                                                                                                                                                                                                                                                                                                                                                                                                                                                                                                                                                                                                                                                                                                                                                                                                                                                             1                                                                                                                                                                                                        MZ         MZ    aEW MZ  Pi                                                                                                                                                  MW                                                                                                                                                                                                                                             ee                                                                                     ee                                                                                      2 MW sw                                                                                                  2             2                                                                             mh                                                                                      Sqrt[2] ymb                                                                                       Sqrt[2] ymc                                                                                       Sqrt[2] ymdo                                                                                         Sqrt[2] yme                                                                                    Sqrt[2] ymm                                                                                    Sqrt[2] yms                                                                                       Sqrt[2] ymt                                                                                         Sqrt[2] ymtau                                                                                          Sqrt[2] ymup                                                                                                     2
{{External, aEWM1, aEWM1, False, 127.9, Inverse of the EW coupling constant at the Z pole, \text{aEWM1}, SMINPUTS, {1}, {{QED, -2}}}, {External, Gf, Gf, False, 0.0000116637, Fermi constant, G_f, SMINPUTS, {2}, {{QED, 2}}}, {External, aS, aS, False, 0.1184, Strong coupling constant at the Z pole, \alpha _s, SMINPUTS, {3}, {{QCD, 2}}}, {External, ymdo, ymdo, False, 0.00504, Down Yukawa mass, \text{ymdo}, YUKAWA, {1}, {}}, {External, ymup, ymup, False, 0.00255, Up Yukawa mass, \text{ymup}, YUKAWA, {2}, {}}, {External, yms, yms, False, 0.101, Strange Yukawa mass, \text{yms}, YUKAWA, {3}, {}}, {External, ymc, ymc, False, 1.27, Charm Yukawa mass, \text{ymc}, YUKAWA, {4}, {}}, {External, ymb, ymb, False, 4.7, Bottom Yukawa mass, \text{ymb}, YUKAWA, {5}, {}}, {External, ymt, ymt, False, 172, Top Yukawa mass, \text{ymt}, YUKAWA, {6}, {}}, {External, yme, yme, False, 0.000511, Electron Yukawa mass, \text{yme}, YUKAWA, {11}, {}}, {External, ymm, ymm, False, 0.10566, Muon Yukawa mass, \text{ymm}, YUKAWA, {13}, {}}, {External, ymtau, ymtau, False, 1.777, Tau Yukawa mass, \text{ymtau}, YUKAWA, {15}, {}}, PRIVATE`ReorderEParamEntry[External, {NoBlockName[FRBlock], FRBlock, PRIVATE`tempfunc$3289[FRBlock]}], {External, MZ, MZ, False, 91.1876, MASS of particle 23, \text{MZ}, MASS, {23}, {}}, {External, Me, Me, False, 0.000511, MASS of particle 11, \text{Me}, MASS, {11}, {}}, {External, MMU, MMU, False, 0.10566, MASS of particle 13, \text{MMU}, MASS, {13}, {}}, {External, MTA, MTA, False, 1.777, MASS of particle 15, \text{MTA}, MASS, {15}, {}}, {External, MU, MU, False, 0.00255, MASS of particle 2, M, MASS, {2}, {}}, {External, MC, MC, False, 1.27, MASS of particle 4, \text{MC}, MASS, {4}, {}}, {External, MT, MT, False, 172, MASS of particle 6, \text{MT}, MASS, {6}, {}}, {External, MD, MD, False, 0.00504, MASS of particle 1, \text{MD}, MASS, {1}, {}}, {External, MS, MS, False, 0.101, MASS of particle 3, \text{MS}, MASS, {3}, {}}, {External, MB, MB, False, 4.7, MASS of particle 5, \text{MB}, MASS, {5}, {}}, {External, mh, mh, False, 125, MASS of particle 25, \text{mh}, MASS, {25}, {}}, {External, ms0, ms0, False, 125, MASS of particle 255, \text{ms0}, MASS, {255}, {}}, {External, mHE, mHE, False, 100., MASS of particle 1000101, \text{mHE}, MASS, {1000101}, {}}, {External, WZ, WZ, False, 2.4952, DECAY of particle 23, \text{WZ}, DECAY, {23}, {}}, {External, WW, WW, False, 2.085, DECAY of particle 24, \text{WW}, DECAY, {24}, {}}, {External, WT, WT, False, 1.50834, DECAY of particle 6, \text{WT}, DECAY, {6}, {}}, {External, wh, wh, False, 0.005, DECAY of particle 25, \text{wh}, DECAY, {25}, {}}, {External, ws0, ws0, False, 0., DECAY of particle 255, \text{ws0}, DECAY, {255}, {}}, {External, wHE, wHE, False, 1., DECAY of particle 1000101, \text{wHE}, DECAY, {1000101}, {}}, {Internal, aEW, aEW, False, -----, Electroweak coupling contant, \alpha _{\text{EW}}, {{QED, 2}}}, {Internal, G, G, False, 2 Sqrt[aS] Sqrt[Pi], Strong coupling constant at the Z pole, G, {{QCD, 1}}}, {Internal, MW, MW, False, Sqrt[--- + Sqrt[--- - ----------]], W mass, M_W, {}}, {Internal, ee, ee, False, 2 Sqrt[aEW] Sqrt[Pi], Electric coupling constant, e, {{QED, 1}}}, {Internal, sw2, sw2, False, 1 - ---, Squared Sin of the Weinberg angle, \text{sw2}, {}}, {Internal, cw, cw, False, Sqrt[1 - sw2], Cosine of the Weinberg angle, c_w, {}}, {Internal, sw, sw, False, Sqrt[sw2], Sine of the Weinberg angle, s_w, {}}, {Internal, g1, g1, False, --, U(1)Y coupling constant at the Z pole, g_1, {{QED, 1}}}, {Internal, gw, gw, False, --, Weak coupling constant at the Z pole, g_w, {{QED, 1}}}, {Internal, vev, vev, False, -------, Higgs vacuum expectation value, \text{vev}, {{QED, -1}}}, {Internal, mus0, mus0, False, Sqrt[ms0  + lams0h vev ], Higgs mass parameter, \mu _{\text{s0}}, {}}, {Internal, lam, lam, False, ------, SM Higgs quartic interaction, \lambda _H, {{QED, 2}}}, {Internal, yb, yb, False, -----------, Down-type Yukawa couplings ( yb ), \text{yb}, {{QED, 1}}}, {Internal, yc, yc, False, -----------, Up-type Yukawa couplings ( yc ), \text{yc}, {{QED, 1}}}, {Internal, ydo, ydo, False, ------------, Down-type Yukawa couplings ( ydo ), \text{ydo}, {{QED, 1}}}, {Internal, ye, ye, False, -----------, Lepton Yukawa couplings ( ye ), \text{ye}, {{QED, 1}}}, {Internal, ym, ym, False, -----------, Lepton Yukawa couplings ( ym ), \text{ym}, {{QED, 1}}}, {Internal, ys, ys, False, -----------, Down-type Yukawa couplings ( ys ), \text{ys}, {{QED, 1}}}, {Internal, yt, yt, False, -----------, Up-type Yukawa couplings ( yt ), \text{yt}, {{QED, 1}}}, {Internal, ytau, ytau, False, -------------, Lepton Yukawa couplings ( ytau ), \text{ytau}, {{QED, 1}}}, {Internal, yup, yup, False, ------------, Up-type Yukawa couplings ( yup ), \text{yup}, {{QED, 1}}}, {Internal, muH, muH, False, Sqrt[lam vev ], Higgs mass parameter, \mu _H, {}}}
                                                                                                                                                                                                                                                                                                                                                                                                                                                                                                                                                                                                                                                                                                                                                                                                                                                                                                                                                                                                                                                                                                                                                                                                                                                                                                                                                                                                                                                                                                                                                                                                                                                                                                                                                                                                                                                                                                                                                                                                                                                                                                                                                                                                                                                                                                                                                                                                                                                                                                                                                                                                                                                                                                                                                                                                                                                                                                                                           aEWM1                                                                                                                                                                                                       2          4    Sqrt[2] Gf                                                                                                                                                    2                                                                                                                                                                                                                                            cw                                                                                     sw                                                                                        ee                                                                                                                                                                                                     2                                                                                       vev                                                                                               vev                                                                                               vev                                                                                                  vev                                                                                            vev                                                                                            vev                                                                                               vev                                                                                                  vev                                                                                                   vev
                                                                                                                                                                                                                                                                                                                                                                                                                                                                                                                                                                                                                                                                                                                                                                                                                                                                                                                                                                                                                                                                                                                                                                                                                                                                                                                                                                                                                                                                                                                                                                                                                                                                                                                                                                                                                                                                                                                                                                                                                                                                                                                                                                                                                                                                                                                                                                                                                                                                                                                                                                                                                                                                                                                                                                                                                                                                                                                                                                                                                                                                                                                                                                                                                                                                                                                                   MZ                                                                                                                                                                                                                                                                                                                                                                                                                                                                                                                                                                                                                                2 vev has no value. Default value 1 assigned.
   * Parameter All has no value. Default value 1 assigned.


# Vertices
   * Calling FeynmanRules for 2 Lagrangians.
   * Number of classes vertices: 106
   * Number of flavored vertices: 152
   * Saved vertices in InterfaceRun[ 1 ].
   * Checked QNumber conservation.
      - Quantum number GhostNumber conserved in all vertices.
      - Quantum number LeptonNumber NOT conserved in the following vertices
          {s0, ebar, HE}
          {s0, mubar, HE}
          {s0, tabar, HE}
          {s0, HEbar, e}
          {s0, HEbar, mu}
          {s0, HEbar, ta}
      - Quantum number Q NOT conserved in the following vertices
          {s0, ebar, HE}
          {s0, mubar, HE}
          {s0, tabar, HE}
          {s0, HEbar, e}
          {s0, HEbar, mu}
          {s0, HEbar, ta}
      - Quantum number Y conserved in all vertices.
   * particles.py written.
   * parameters.py written.
#
# Vertex definitions
#

   * 154 vertices written.
   * vertices.py written.
#
# Lorentz structure definitions
#

   * 19 lorentz structures written.
   * lorentz.py written.
#
# Coupling definitions
#

   >>>> Non positive interaction order QED found for coupling GC_55.
   * 106 couplings written.
   * couplings.py written.
#
# Coupling order definitions
#

   * 0 couplings orders written.
   * coupling_orders.py written.
#
# Decay definitions
#

   * 14 decays written.
   * decay.py not written
#
# CTCoupling definitions
#

   * 0 CTcouplings written.
   * CT_couplings.py written.
